Arguments: 
  C:\Program Files\nodejs\node.exe C:\Program Files (x86)\Yarn\bin\yarn.js add react_native_native_mqtt

PATH: 
  C:\Python39\Scripts\;C:\Python39\;C:\Windows\system32;C:\Windows;C:\Windows\System32\Wbem;C:\Windows\System32\WindowsPowerShell\v1.0\;C:\Windows\System32\OpenSSH\;C:\Program Files\Git\cmd;C:\Program Files\nodejs\;C:\ProgramData\chocolatey\bin;C:\Program Files (x86)\Yarn\bin\;C:\Users\egask\AppData\Local\Microsoft\WindowsApps;C:\Users\egask\AppData\Local\Programs\Microsoft VS Code\bin;C:\Users\egask\AppData\Roaming\npm;C:\Users\egask\AppData\Local\Yarn\bin

Yarn version: 
  1.22.5

Node version: 
  15.0.1

Platform: 
  win32 x64

Trace: 
  Error: https://registry.yarnpkg.com/react_native_native_mqtt: Not found
      at Request.params.callback [as _callback] (C:\Program Files (x86)\Yarn\lib\cli.js:66097:18)
      at Request.self.callback (C:\Program Files (x86)\Yarn\lib\cli.js:140749:22)
      at Request.emit (node:events:327:20)
      at Request.<anonymous> (C:\Program Files (x86)\Yarn\lib\cli.js:141721:10)
      at Request.emit (node:events:327:20)
      at IncomingMessage.<anonymous> (C:\Program Files (x86)\Yarn\lib\cli.js:141643:12)
      at Object.onceWrapper (node:events:433:28)
      at IncomingMessage.emit (node:events:339:22)
      at endReadableNT (node:internal/streams/readable:1289:12)
      at processTicksAndRejections (node:internal/process/task_queues:80:21)

npm manifest: 
  {
    "main": "node_modules/expo/AppEntry.js",
    "scripts": {
      "start": "expo start",
      "android": "expo start --android",
      "ios": "expo start --ios",
      "web": "expo start --web",
      "eject": "expo eject"
    },
    "dependencies": {
      "body-parser": "^1.19.0",
      "crypto": "^1.0.1",
      "expo": "^39.0.3",
      "expo-status-bar": "~1.0.2",
      "express": "^4.17.1",
      "link": "^0.1.5",
      "mysql": "^2.18.1",
      "react": "16.13.1",
      "react_native_mqtt": "^1.3.1",
      "react-dom": "16.13.1",
      "react-native": "^0.63.2",
      "react-native-crypto": "^2.2.0",
      "react-native-crypto-js": "^1.0.0",
      "react-native-gesture-handler": "~1.7.0",
      "react-native-randombytes": "^3.6.0",
      "react-native-reanimated": "~1.13.0",
      "react-native-web": "~0.13.12",
      "react-navigation": "^4.4.3",
      "react-navigation-stack": "^2.10.0",
      "url": "^0.11.0"
    },
    "devDependencies": {
      "@babel/core": "~7.9.0",
      "rn-nodeify": "github:tradle/rn-nodeify"
    },
    "private": true
  }

yarn manifest: 
  No manifest

Lockfile: 
  No lockfile
